[2026-03-01T16:42:24+0200] adguardhome-service-loop started
[2026-03-01T16:42:24+0200] starting rooted AdGuardHome runtime
[2026-03-01T16:42:26+0200] monitoring rooted AdGuardHome pid=12160
[2026-03-01T16:42:57+0200] listener health failed 3/3; forcing restart
[2026-03-01T16:42:58+0200] restarting loop cycle after 5s
[2026-03-01T16:43:03+0200] starting rooted AdGuardHome runtime
[2026-03-01T16:43:05+0200] monitoring rooted AdGuardHome pid=13224
[2026-03-01T16:43:21+0200] rooted AdGuardHome process exited pid=13224
[2026-03-01T16:43:21+0200] restarting loop cycle after 10s
[2026-03-01T16:43:31+0200] starting rooted AdGuardHome runtime
[2026-03-01T16:43:33+0200] monitoring rooted AdGuardHome pid=13699
[2026-03-01T16:43:48+0200] rooted AdGuardHome process exited pid=13699
[2026-03-01T16:43:49+0200] restarting loop cycle after 20s
[2026-03-01T16:44:09+0200] starting rooted AdGuardHome runtime
[2026-03-01T16:44:11+0200] monitoring rooted AdGuardHome pid=16048
[2026-03-01T16:44:26+0200] rooted AdGuardHome process exited pid=16048
[2026-03-01T16:44:26+0200] restarting loop cycle after 40s
[2026-03-01T16:45:33+0200] starting rooted AdGuardHome runtime
[2026-03-01T16:45:40+0200] monitoring rooted AdGuardHome pid=17581
[2026-03-01T16:46:13+0200] rooted AdGuardHome process exited pid=17581
[2026-03-01T16:46:14+0200] restarting loop cycle after 60s
[2026-03-01T16:48:22+0200] starting rooted AdGuardHome runtime
[2026-03-01T16:48:29+0200] monitoring rooted AdGuardHome pid=21322
[2026-03-01T16:49:02+0200] rooted AdGuardHome process exited pid=21322
[2026-03-01T16:49:03+0200] restarting loop cycle after 5s
[2026-03-01T16:49:16+0200] starting rooted AdGuardHome runtime
[2026-03-01T16:49:23+0200] monitoring rooted AdGuardHome pid=22707
[2026-03-01T16:49:53+0200] rooted AdGuardHome process exited pid=22707
[2026-03-01T16:49:54+0200] restarting loop cycle after 10s
[2026-03-01T16:50:20+0200] starting rooted AdGuardHome runtime
[2026-03-01T16:50:27+0200] monitoring rooted AdGuardHome pid=23606
[2026-03-01T16:51:00+0200] rooted AdGuardHome process exited pid=23606
[2026-03-01T16:51:01+0200] restarting loop cycle after 20s
[2026-03-01T16:51:47+0200] starting rooted AdGuardHome runtime
[2026-03-01T16:51:49+0200] adguardhome-service-loop started
[2026-03-01T16:51:49+0200] starting rooted AdGuardHome runtime
[2026-03-01T16:51:54+0200] monitoring rooted AdGuardHome pid=24888
[2026-03-01T16:53:07+0200] listener health failed 3/3; forcing restart
[2026-03-01T16:53:10+0200] restarting loop cycle after 5s
[2026-03-01T16:53:21+0200] starting rooted AdGuardHome runtime
[2026-03-01T16:53:28+0200] monitoring rooted AdGuardHome pid=26330
[2026-03-01T16:54:01+0200] rooted AdGuardHome process exited pid=26330
[2026-03-01T16:54:02+0200] restarting loop cycle after 10s
[2026-03-01T16:54:26+0200] starting rooted AdGuardHome runtime
[2026-03-01T16:54:33+0200] monitoring rooted AdGuardHome pid=27193
[2026-03-01T16:55:05+0200] rooted AdGuardHome process exited pid=27193
[2026-03-01T16:55:07+0200] restarting loop cycle after 20s
[2026-03-01T16:55:51+0200] starting rooted AdGuardHome runtime
[2026-03-01T16:55:59+0200] monitoring rooted AdGuardHome pid=28423
[2026-03-01T16:56:35+0200] rooted AdGuardHome process exited pid=28423
[2026-03-01T16:56:37+0200] restarting loop cycle after 40s
[2026-03-01T16:57:57+0200] starting rooted AdGuardHome runtime
[2026-03-01T16:58:05+0200] monitoring rooted AdGuardHome pid=30096
[2026-03-01T16:58:27+0200] adguardhome-service-loop started
[2026-03-01T16:58:30+0200] starting rooted AdGuardHome runtime
[2026-03-01T16:58:37+0200] monitoring rooted AdGuardHome pid=30870
[2026-03-01T17:00:43+0200] adguardhome-service-loop started
[2026-03-01T17:00:44+0200] starting rooted AdGuardHome runtime
[2026-03-01T17:00:48+0200] monitoring rooted AdGuardHome pid=707
[2026-03-01T22:00:06+0200] listener health failed 3/3; forcing restart
[2026-03-01T22:00:09+0200] restarting loop cycle after 5s
[2026-03-01T22:00:24+0200] starting rooted AdGuardHome runtime
[2026-03-01T22:00:29+0200] monitoring rooted AdGuardHome pid=31966
[2026-03-01T22:01:31+0200] adguardhome-service-loop started
[2026-03-01T22:01:31+0200] starting rooted AdGuardHome runtime
[2026-03-01T22:01:33+0200] monitoring rooted AdGuardHome pid=390
[2026-03-02T00:25:17+0200] adguardhome-service-loop started
[2026-03-02T00:25:17+0200] starting rooted AdGuardHome runtime
[2026-03-02T00:25:25+0200] monitoring rooted AdGuardHome pid=30008
[2026-03-02T00:25:56+0200] rooted AdGuardHome process exited pid=30008
[2026-03-02T00:25:57+0200] restarting loop cycle after 5s
[2026-03-02T00:26:10+0200] starting rooted AdGuardHome runtime
[2026-03-02T00:26:15+0200] monitoring rooted AdGuardHome pid=30936
[2026-03-02T00:26:50+0200] rooted AdGuardHome process exited pid=30936
[2026-03-02T00:26:51+0200] restarting loop cycle after 10s
[2026-03-02T00:27:15+0200] starting rooted AdGuardHome runtime
[2026-03-02T00:27:20+0200] monitoring rooted AdGuardHome pid=31705
[2026-03-02T00:27:56+0200] rooted AdGuardHome process exited pid=31705
[2026-03-02T00:27:57+0200] restarting loop cycle after 20s
[2026-03-02T00:28:47+0200] starting rooted AdGuardHome runtime
[2026-03-02T00:28:50+0200] monitoring rooted AdGuardHome pid=326
[2026-03-02T00:34:06+0200] adguardhome-service-loop started
[2026-03-02T00:34:06+0200] starting rooted AdGuardHome runtime
[2026-03-02T00:34:08+0200] monitoring rooted AdGuardHome pid=7450
